[NX Daemon Server] - 2024-08-16T18:41:38.069Z - Started listening on: /tmp/f53b52ad6d21cceb72df/d.sock
[NX Daemon Server] - 2024-08-16T18:41:38.085Z - [WATCHER]: Subscribed to changes within: /app (native)
[NX Daemon Server] - 2024-08-16T18:41:38.090Z - Established a connection. Number of open connections: 1
[NX Daemon Server] - 2024-08-16T18:41:38.096Z - Established a connection. Number of open connections: 2
[NX Daemon Server] - 2024-08-16T18:41:38.097Z - Closed a connection. Number of open connections: 1
[NX Daemon Server] - 2024-08-16T18:41:38.100Z - [REQUEST]: Client Request for Project Graph Received
[NX Daemon Server] - 2024-08-16T18:41:38.406Z - [REQUEST]: Updated workspace context based on watched changes, recomputing project graph...
[NX Daemon Server] - 2024-08-16T18:41:38.407Z - [REQUEST]: 
[NX Daemon Server] - 2024-08-16T18:41:38.407Z - [REQUEST]: 
[NX Daemon Server] - 2024-08-16T18:41:38.425Z - Time taken for 'loadNxPlugins' 304.28870900000004ms
[NX Daemon Server] - 2024-08-16T18:41:38.466Z - Time taken for 'build-project-configs' 19.926000000000045ms
[NX Daemon Server] - 2024-08-16T18:41:38.472Z - [SYNC]: collect registered sync generators
[NX Daemon Server] - 2024-08-16T18:41:38.473Z - [SYNC]: scheduling: []
[NX Daemon Server] - 2024-08-16T18:41:38.475Z - [REQUEST]: Responding to the client. project-graph
[NX Daemon Server] - 2024-08-16T18:41:38.476Z - Done responding to the client project-graph
[NX Daemon Server] - 2024-08-16T18:41:38.476Z - Handled REQUEST_PROJECT_GRAPH. Handling time: 375. Response time: 2.
[NX Daemon Server] - 2024-08-16T18:41:38.476Z - Time taken for 'total for creating and serializing project graph' 374.906751ms
[NX Daemon Server] - 2024-08-16T18:41:38.478Z - Established a connection. Number of open connections: 2
[NX Daemon Server] - 2024-08-16T18:41:38.508Z - Closed a connection. Number of open connections: 1
[NX Daemon Server] - 2024-08-16T18:41:38.509Z - Closed a connection. Number of open connections: 0
