[NX Daemon Server] - 2024-08-16T17:19:28.893Z - Started listening on: /tmp/f53b52ad6d21cceb72df/d.sock
[NX Daemon Server] - 2024-08-16T17:19:28.896Z - [WATCHER]: Subscribed to changes within: /app (native)
[NX Daemon Server] - 2024-08-16T17:19:28.900Z - Established a connection. Number of open connections: 1
[NX Daemon Server] - 2024-08-16T17:19:28.903Z - Established a connection. Number of open connections: 2
[NX Daemon Server] - 2024-08-16T17:19:28.910Z - Closed a connection. Number of open connections: 1
[NX Daemon Server] - 2024-08-16T17:19:28.914Z - [REQUEST]: Client Request for Project Graph Received
[NX Daemon Server] - 2024-08-16T17:19:29.118Z - [REQUEST]: Updated workspace context based on watched changes, recomputing project graph...
[NX Daemon Server] - 2024-08-16T17:19:29.121Z - [REQUEST]: 
[NX Daemon Server] - 2024-08-16T17:19:29.121Z - [REQUEST]: 
[NX Daemon Server] - 2024-08-16T17:19:29.132Z - Time taken for 'loadNxPlugins' 199.915208ms
[NX Daemon Server] - 2024-08-16T17:19:29.165Z - Time taken for 'build-project-configs' 16.068375000000003ms
[NX Daemon Server] - 2024-08-16T17:19:29.169Z - [SYNC]: collect registered sync generators
[NX Daemon Server] - 2024-08-16T17:19:29.169Z - [SYNC]: scheduling: []
[NX Daemon Server] - 2024-08-16T17:19:29.170Z - [REQUEST]: Responding to the client. project-graph
[NX Daemon Server] - 2024-08-16T17:19:29.171Z - Done responding to the client project-graph
[NX Daemon Server] - 2024-08-16T17:19:29.171Z - Handled REQUEST_PROJECT_GRAPH. Handling time: 256. Response time: 1.
[NX Daemon Server] - 2024-08-16T17:19:29.171Z - Time taken for 'total for creating and serializing project graph' 255.82820900000002ms
[NX Daemon Server] - 2024-08-16T17:19:29.172Z - Established a connection. Number of open connections: 2
[NX Daemon Server] - 2024-08-16T17:19:29.184Z - Closed a connection. Number of open connections: 1
[NX Daemon Server] - 2024-08-16T17:19:29.185Z - Closed a connection. Number of open connections: 0
[NX Daemon Server] - 2024-08-16T17:21:12.119Z - Started listening on: /tmp/f53b52ad6d21cceb72df/d.sock
[NX Daemon Server] - 2024-08-16T17:21:12.122Z - [WATCHER]: Subscribed to changes within: /app (native)
[NX Daemon Server] - 2024-08-16T17:21:12.124Z - Established a connection. Number of open connections: 1
[NX Daemon Server] - 2024-08-16T17:21:12.124Z - Established a connection. Number of open connections: 2
[NX Daemon Server] - 2024-08-16T17:21:12.126Z - Closed a connection. Number of open connections: 1
[NX Daemon Server] - 2024-08-16T17:21:12.128Z - [REQUEST]: Client Request for Project Graph Received
[NX Daemon Server] - 2024-08-16T17:21:24.667Z - [REQUEST]: Responding to the client with an error. Error when preparing serialized project graph. 
[90mundefined[39m
[NX Daemon Server] - 2024-08-16T17:21:24.675Z - Done responding to the client null
[NX Daemon Server] - 2024-08-16T17:21:24.675Z - Handled REQUEST_PROJECT_GRAPH. Handling time: 12537. Response time: 10.
[NX Daemon Server] - 2024-08-16T17:21:24.704Z - Closed a connection. Number of open connections: 0
[NX Daemon Server] - 2024-08-16T17:21:55.178Z - Started listening on: /tmp/f53b52ad6d21cceb72df/d.sock
[NX Daemon Server] - 2024-08-16T17:21:55.181Z - [WATCHER]: Subscribed to changes within: /app (native)
[NX Daemon Server] - 2024-08-16T17:21:55.186Z - Established a connection. Number of open connections: 1
[NX Daemon Server] - 2024-08-16T17:21:55.188Z - Established a connection. Number of open connections: 2
[NX Daemon Server] - 2024-08-16T17:21:55.191Z - Closed a connection. Number of open connections: 1
[NX Daemon Server] - 2024-08-16T17:21:55.192Z - [REQUEST]: Client Request for Project Graph Received
[NX Daemon Server] - 2024-08-16T17:21:55.382Z - [REQUEST]: Updated workspace context based on watched changes, recomputing project graph...
[NX Daemon Server] - 2024-08-16T17:21:55.383Z - [REQUEST]: 
[NX Daemon Server] - 2024-08-16T17:21:55.383Z - [REQUEST]: 
[NX Daemon Server] - 2024-08-16T17:21:55.391Z - Time taken for 'loadNxPlugins' 186.991084ms
[NX Daemon Server] - 2024-08-16T17:21:55.420Z - Time taken for 'build-project-configs' 10.564082999999982ms
[NX Daemon Server] - 2024-08-16T17:21:55.425Z - [SYNC]: collect registered sync generators
[NX Daemon Server] - 2024-08-16T17:21:55.426Z - [SYNC]: scheduling: []
[NX Daemon Server] - 2024-08-16T17:21:55.426Z - [REQUEST]: Responding to the client. project-graph
[NX Daemon Server] - 2024-08-16T17:21:55.427Z - Done responding to the client project-graph
[NX Daemon Server] - 2024-08-16T17:21:55.427Z - Handled REQUEST_PROJECT_GRAPH. Handling time: 234. Response time: 1.
[NX Daemon Server] - 2024-08-16T17:21:55.427Z - Time taken for 'total for creating and serializing project graph' 234.567125ms
[NX Daemon Server] - 2024-08-16T17:21:55.428Z - Established a connection. Number of open connections: 2
[NX Daemon Server] - 2024-08-16T17:21:55.443Z - Closed a connection. Number of open connections: 1
[NX Daemon Server] - 2024-08-16T17:21:55.443Z - Closed a connection. Number of open connections: 0
[NX Daemon Server] - 2024-08-16T17:54:40.234Z - Started listening on: /tmp/f53b52ad6d21cceb72df/d.sock
[NX Daemon Server] - 2024-08-16T17:54:40.241Z - [WATCHER]: Subscribed to changes within: /app (native)
[NX Daemon Server] - 2024-08-16T17:54:40.245Z - Established a connection. Number of open connections: 1
[NX Daemon Server] - 2024-08-16T17:54:40.245Z - Established a connection. Number of open connections: 2
[NX Daemon Server] - 2024-08-16T17:54:40.248Z - Closed a connection. Number of open connections: 1
[NX Daemon Server] - 2024-08-16T17:54:40.249Z - [REQUEST]: Client Request for Project Graph Received
[NX Daemon Server] - 2024-08-16T17:54:40.451Z - [REQUEST]: Updated workspace context based on watched changes, recomputing project graph...
[NX Daemon Server] - 2024-08-16T17:54:40.453Z - [REQUEST]: 
[NX Daemon Server] - 2024-08-16T17:54:40.453Z - [REQUEST]: 
[NX Daemon Server] - 2024-08-16T17:54:40.461Z - Time taken for 'loadNxPlugins' 197.41920800000003ms
[NX Daemon Server] - 2024-08-16T17:54:40.490Z - Time taken for 'build-project-configs' 10.100916999999981ms
[NX Daemon Server] - 2024-08-16T17:54:40.496Z - [SYNC]: collect registered sync generators
[NX Daemon Server] - 2024-08-16T17:54:40.497Z - [SYNC]: scheduling: []
[NX Daemon Server] - 2024-08-16T17:54:40.498Z - [REQUEST]: Responding to the client. project-graph
[NX Daemon Server] - 2024-08-16T17:54:40.498Z - Done responding to the client project-graph
[NX Daemon Server] - 2024-08-16T17:54:40.499Z - Handled REQUEST_PROJECT_GRAPH. Handling time: 248. Response time: 2.
[NX Daemon Server] - 2024-08-16T17:54:40.499Z - Time taken for 'total for creating and serializing project graph' 248.02720800000003ms
[NX Daemon Server] - 2024-08-16T17:54:40.500Z - Established a connection. Number of open connections: 2
[NX Daemon Server] - 2024-08-16T17:54:40.521Z - Closed a connection. Number of open connections: 1
[NX Daemon Server] - 2024-08-16T17:54:40.522Z - Closed a connection. Number of open connections: 0
[NX Daemon Server] - 2024-08-16T17:56:07.986Z - Started listening on: /tmp/f53b52ad6d21cceb72df/d.sock
[NX Daemon Server] - 2024-08-16T17:56:07.989Z - [WATCHER]: Subscribed to changes within: /app (native)
[NX Daemon Server] - 2024-08-16T17:56:07.994Z - Established a connection. Number of open connections: 1
[NX Daemon Server] - 2024-08-16T17:56:07.996Z - Established a connection. Number of open connections: 2
[NX Daemon Server] - 2024-08-16T17:56:07.999Z - Closed a connection. Number of open connections: 1
[NX Daemon Server] - 2024-08-16T17:56:08.001Z - [REQUEST]: Client Request for Project Graph Received
[NX Daemon Server] - 2024-08-16T17:56:08.207Z - [REQUEST]: Updated workspace context based on watched changes, recomputing project graph...
[NX Daemon Server] - 2024-08-16T17:56:08.207Z - [REQUEST]: 
[NX Daemon Server] - 2024-08-16T17:56:08.208Z - [REQUEST]: 
[NX Daemon Server] - 2024-08-16T17:56:08.215Z - Time taken for 'loadNxPlugins' 203.307083ms
[NX Daemon Server] - 2024-08-16T17:56:08.246Z - Time taken for 'build-project-configs' 9.673999999999978ms
[NX Daemon Server] - 2024-08-16T17:56:08.251Z - [SYNC]: collect registered sync generators
[NX Daemon Server] - 2024-08-16T17:56:08.252Z - [SYNC]: scheduling: []
[NX Daemon Server] - 2024-08-16T17:56:08.252Z - [REQUEST]: Responding to the client. project-graph
[NX Daemon Server] - 2024-08-16T17:56:08.253Z - Done responding to the client project-graph
[NX Daemon Server] - 2024-08-16T17:56:08.253Z - Handled REQUEST_PROJECT_GRAPH. Handling time: 252. Response time: 1.
[NX Daemon Server] - 2024-08-16T17:56:08.253Z - Time taken for 'total for creating and serializing project graph' 251.79508300000003ms
[NX Daemon Server] - 2024-08-16T17:56:08.254Z - Established a connection. Number of open connections: 2
[NX Daemon Server] - 2024-08-16T17:56:08.275Z - Closed a connection. Number of open connections: 1
[NX Daemon Server] - 2024-08-16T17:56:08.276Z - Closed a connection. Number of open connections: 0
[NX Daemon Server] - 2024-08-16T17:56:46.941Z - Started listening on: /tmp/f53b52ad6d21cceb72df/d.sock
[NX Daemon Server] - 2024-08-16T17:56:46.943Z - [WATCHER]: Subscribed to changes within: /app (native)
[NX Daemon Server] - 2024-08-16T17:56:46.945Z - Established a connection. Number of open connections: 1
[NX Daemon Server] - 2024-08-16T17:56:46.946Z - Established a connection. Number of open connections: 2
[NX Daemon Server] - 2024-08-16T17:56:46.948Z - Closed a connection. Number of open connections: 1
[NX Daemon Server] - 2024-08-16T17:56:46.949Z - [REQUEST]: Client Request for Project Graph Received
[NX Daemon Server] - 2024-08-16T17:56:58.736Z - [REQUEST]: Responding to the client with an error. Error when preparing serialized project graph. 
[90mundefined[39m
[NX Daemon Server] - 2024-08-16T17:56:58.746Z - Done responding to the client null
[NX Daemon Server] - 2024-08-16T17:56:58.747Z - Handled REQUEST_PROJECT_GRAPH. Handling time: 11785. Response time: 13.
[NX Daemon Server] - 2024-08-16T17:56:58.774Z - Closed a connection. Number of open connections: 0
[NX Daemon Server] - 2024-08-16T17:56:58.814Z - [WATCHER]: 0 file(s) created or restored, 4 file(s) modified, 0 file(s) deleted
[NX Daemon Server] - 2024-08-16T18:57:31.767Z - Started listening on: /tmp/f53b52ad6d21cceb72df/d.sock
[NX Daemon Server] - 2024-08-16T18:57:31.771Z - [WATCHER]: Subscribed to changes within: /app (native)
[NX Daemon Server] - 2024-08-16T18:57:31.778Z - Established a connection. Number of open connections: 1
[NX Daemon Server] - 2024-08-16T18:57:31.779Z - Established a connection. Number of open connections: 2
[NX Daemon Server] - 2024-08-16T18:57:31.788Z - Closed a connection. Number of open connections: 1
[NX Daemon Server] - 2024-08-16T18:57:31.793Z - [REQUEST]: Client Request for Project Graph Received
[NX Daemon Server] - 2024-08-16T18:57:32.028Z - [REQUEST]: Updated workspace context based on watched changes, recomputing project graph...
[NX Daemon Server] - 2024-08-16T18:57:32.028Z - [REQUEST]: 
[NX Daemon Server] - 2024-08-16T18:57:32.028Z - [REQUEST]: 
[NX Daemon Server] - 2024-08-16T18:57:32.040Z - Time taken for 'loadNxPlugins' 229.11475ms
[NX Daemon Server] - 2024-08-16T18:57:32.079Z - Time taken for 'build-project-configs' 16.591042000000016ms
[NX Daemon Server] - 2024-08-16T18:57:32.089Z - [SYNC]: collect registered sync generators
[NX Daemon Server] - 2024-08-16T18:57:32.091Z - [SYNC]: scheduling: []
[NX Daemon Server] - 2024-08-16T18:57:32.092Z - [REQUEST]: Responding to the client. project-graph
[NX Daemon Server] - 2024-08-16T18:57:32.096Z - Done responding to the client project-graph
[NX Daemon Server] - 2024-08-16T18:57:32.096Z - Handled REQUEST_PROJECT_GRAPH. Handling time: 300. Response time: 4.
[NX Daemon Server] - 2024-08-16T18:57:32.097Z - Time taken for 'total for creating and serializing project graph' 299.363209ms
[NX Daemon Server] - 2024-08-16T18:57:32.099Z - Established a connection. Number of open connections: 2
[NX Daemon Server] - 2024-08-16T18:57:32.127Z - Closed a connection. Number of open connections: 1
[NX Daemon Server] - 2024-08-16T18:57:32.128Z - Closed a connection. Number of open connections: 0
